CRITICAL - 2022-10-26 02:47:00 --> Undefined variable $listAkun
in APPPATH\Views\content\viewValidation.php on line 32.
 1 APPPATH\Views\content\viewValidation.php(32): CodeIgniter\Debug\Exceptions->errorHandler(2, 'Undefined variable $listAkun', 'APPPATH\\Views\\content\\viewValidation.php', 32)
 2 SYSTEMPATH\View\View.php(213): include('APPPATH\\Views\\content\\viewValidation.php')
 3 SYSTEMPATH\View\View.php(216): CodeIgniter\View\View->CodeIgniter\View\{closure}()
 4 SYSTEMPATH\Common.php(1142): CodeIgniter\View\View->render('content/viewValidation', [], true)
 5 APPPATH\Controllers\ControllerPerpustakaan.php(34): view('content/viewValidation', [...])
 6 SYSTEMPATH\CodeIgniter.php(907): App\Controllers\ControllerPerpustakaan->validation()
 7 SYSTEMPATH\CodeIgniter.php(457): CodeIgniter\CodeIgniter->runController(Object(App\Controllers\ControllerPerpustakaan))
 8 SYSTEMPATH\CodeIgniter.php(340): CodeIgniter\CodeIgniter->handleRequest(null, Object(Config\Cache), false)
 9 FCPATH\index.php(67): CodeIgniter\CodeIgniter->run()
10 SYSTEMPATH\Commands\Server\rewrite.php(43): require_once('FCPATH\\index.php')
ERROR - 2022-10-26 03:01:51 --> mysqli_sql_exception: Unknown column 'tabel_akun.id' in 'where clause' in C:\xampp\htdocs\WebLanjut_SIMP\vendor\codeigniter4\framework\system\Database\MySQLi\Connection.php:292
Stack trace:
#0 C:\xampp\htdocs\WebLanjut_SIMP\vendor\codeigniter4\framework\system\Database\MySQLi\Connection.php(292): mysqli->query('UPDATE `tabel_a...', 0)
#1 C:\xampp\htdocs\WebLanjut_SIMP\vendor\codeigniter4\framework\system\Database\BaseConnection.php(693): CodeIgniter\Database\MySQLi\Connection->execute('UPDATE `tabel_a...')
#2 C:\xampp\htdocs\WebLanjut_SIMP\vendor\codeigniter4\framework\system\Database\BaseConnection.php(620): CodeIgniter\Database\BaseConnection->simpleQuery('UPDATE `tabel_a...')
#3 C:\xampp\htdocs\WebLanjut_SIMP\vendor\codeigniter4\framework\system\Database\BaseBuilder.php(2079): CodeIgniter\Database\BaseConnection->query('UPDATE `tabel_a...', Array, false)
#4 C:\xampp\htdocs\WebLanjut_SIMP\vendor\codeigniter4\framework\system\Model.php(338): CodeIgniter\Database\BaseBuilder->update()
#5 C:\xampp\htdocs\WebLanjut_SIMP\vendor\codeigniter4\framework\system\BaseModel.php(865): CodeIgniter\Model->doUpdate(Array, Array)
#6 C:\xampp\htdocs\WebLanjut_SIMP\vendor\codeigniter4\framework\system\Model.php(693): CodeIgniter\BaseModel->update(Array, Array)
#7 C:\xampp\htdocs\WebLanjut_SIMP\app\Controllers\ControllerAkun.php(120): CodeIgniter\Model->update('customer1', Array)
#8 C:\xampp\htdocs\WebLanjut_SIMP\vendor\codeigniter4\framework\system\CodeIgniter.php(907): App\Controllers\ControllerAkun->validateUserAccount('customer1')
#9 C:\xampp\htdocs\WebLanjut_SIMP\vendor\codeigniter4\framework\system\CodeIgniter.php(457): CodeIgniter\CodeIgniter->runController(Object(App\Controllers\ControllerAkun))
#10 C:\xampp\htdocs\WebLanjut_SIMP\vendor\codeigniter4\framework\system\CodeIgniter.php(340): CodeIgniter\CodeIgniter->handleRequest(NULL, Object(Config\Cache), false)
#11 C:\xampp\htdocs\WebLanjut_SIMP\public\index.php(67): CodeIgniter\CodeIgniter->run()
#12 C:\xampp\htdocs\WebLanjut_SIMP\vendor\codeigniter4\framework\system\Commands\Server\rewrite.php(43): require_once('C:\\xampp\\htdocs...')
#13 {main}
CRITICAL - 2022-10-26 03:01:51 --> Unknown column 'tabel_akun.id' in 'where clause'
in SYSTEMPATH\Database\MySQLi\Connection.php on line 292.
 1 SYSTEMPATH\Database\MySQLi\Connection.php(292): mysqli->query('UPDATE `tabel_akun` SET `validasi` = 1, `diperbarui` = \'2022-10-26 03:01:51\'
WHERE `tabel_akun`.`id` IN (\'customer1\')', 0)
 2 SYSTEMPATH\Database\BaseConnection.php(693): CodeIgniter\Database\MySQLi\Connection->execute('UPDATE `tabel_akun` SET `validasi` = 1, `diperbarui` = \'2022-10-26 03:01:51\'
WHERE `tabel_akun`.`id` IN (\'customer1\')')
 3 SYSTEMPATH\Database\BaseConnection.php(620): CodeIgniter\Database\BaseConnection->simpleQuery('UPDATE `tabel_akun` SET `validasi` = 1, `diperbarui` = \'2022-10-26 03:01:51\'
WHERE `tabel_akun`.`id` IN (\'customer1\')')
 4 SYSTEMPATH\Database\BaseBuilder.php(2079): CodeIgniter\Database\BaseConnection->query('UPDATE `tabel_akun` SET `validasi` = :validasi:, `diperbarui` = :diperbarui:
WHERE `tabel_akun`.`id` IN :tabel_akun.id:', [...], false)
 5 SYSTEMPATH\Model.php(338): CodeIgniter\Database\BaseBuilder->update()
 6 SYSTEMPATH\BaseModel.php(865): CodeIgniter\Model->doUpdate([...], [...])
 7 SYSTEMPATH\Model.php(693): CodeIgniter\BaseModel->update([...], [...])
 8 APPPATH\Controllers\ControllerAkun.php(120): CodeIgniter\Model->update('customer1', [...])
 9 SYSTEMPATH\CodeIgniter.php(907): App\Controllers\ControllerAkun->validateUserAccount('customer1')
10 SYSTEMPATH\CodeIgniter.php(457): CodeIgniter\CodeIgniter->runController(Object(App\Controllers\ControllerAkun))
11 SYSTEMPATH\CodeIgniter.php(340): CodeIgniter\CodeIgniter->handleRequest(null, Object(Config\Cache), false)
12 FCPATH\index.php(67): CodeIgniter\CodeIgniter->run()
13 SYSTEMPATH\Commands\Server\rewrite.php(43): require_once('FCPATH\\index.php')
CRITICAL - 2022-10-26 03:03:58 --> whereIn() expects $values to be of type array or closure
in SYSTEMPATH\Database\BaseBuilder.php on line 907.
 1 SYSTEMPATH\Database\BaseBuilder.php(789): CodeIgniter\Database\BaseBuilder->_whereIn('username', 'customer1', false, 'AND ', null)
 2 SYSTEMPATH\Model.php(772): CodeIgniter\Database\BaseBuilder->whereIn('username', 'customer1')
 3 APPPATH\Controllers\ControllerAkun.php(120): CodeIgniter\Model->__call('whereIn', [...])
 4 SYSTEMPATH\CodeIgniter.php(907): App\Controllers\ControllerAkun->validateUserAccount('customer1')
 5 SYSTEMPATH\CodeIgniter.php(457): CodeIgniter\CodeIgniter->runController(Object(App\Controllers\ControllerAkun))
 6 SYSTEMPATH\CodeIgniter.php(340): CodeIgniter\CodeIgniter->handleRequest(null, Object(Config\Cache), false)
 7 FCPATH\index.php(67): CodeIgniter\CodeIgniter->run()
 8 SYSTEMPATH\Commands\Server\rewrite.php(43): require_once('FCPATH\\index.php')
CRITICAL - 2022-10-26 03:05:23 --> whereIn() expects $values to be of type array or closure
in SYSTEMPATH\Database\BaseBuilder.php on line 907.
 1 SYSTEMPATH\Database\BaseBuilder.php(789): CodeIgniter\Database\BaseBuilder->_whereIn('username', 'customer1', false, 'AND ', null)
 2 SYSTEMPATH\Model.php(772): CodeIgniter\Database\BaseBuilder->whereIn('username', 'customer1')
 3 APPPATH\Controllers\ControllerAkun.php(120): CodeIgniter\Model->__call('whereIn', [...])
 4 SYSTEMPATH\CodeIgniter.php(907): App\Controllers\ControllerAkun->validateUserAccount('customer1')
 5 SYSTEMPATH\CodeIgniter.php(457): CodeIgniter\CodeIgniter->runController(Object(App\Controllers\ControllerAkun))
 6 SYSTEMPATH\CodeIgniter.php(340): CodeIgniter\CodeIgniter->handleRequest(null, Object(Config\Cache), false)
 7 FCPATH\index.php(67): CodeIgniter\CodeIgniter->run()
 8 SYSTEMPATH\Commands\Server\rewrite.php(43): require_once('FCPATH\\index.php')
CRITICAL - 2022-10-26 03:20:39 --> Invalid file: content/viewMA.php
in SYSTEMPATH\Exceptions\FrameworkException.php on line 33.
 1 SYSTEMPATH\View\View.php(201): CodeIgniter\Exceptions\FrameworkException::forInvalidFile('content/viewMA.php')
 2 SYSTEMPATH\Common.php(1142): CodeIgniter\View\View->render('content/viewMA', [], true)
 3 APPPATH\Controllers\ControllerPerpustakaan.php(25): view('content/viewMA', [...])
 4 SYSTEMPATH\CodeIgniter.php(907): App\Controllers\ControllerPerpustakaan->test()
 5 SYSTEMPATH\CodeIgniter.php(457): CodeIgniter\CodeIgniter->runController(Object(App\Controllers\ControllerPerpustakaan))
 6 SYSTEMPATH\CodeIgniter.php(340): CodeIgniter\CodeIgniter->handleRequest(null, Object(Config\Cache), false)
 7 FCPATH\index.php(67): CodeIgniter\CodeIgniter->run()
 8 SYSTEMPATH\Commands\Server\rewrite.php(43): require_once('FCPATH\\index.php')
CRITICAL - 2022-10-26 03:30:48 --> Undefined variable $totalAdmin
in APPPATH\Views\content\viewMasterAdmin.php on line 113.
 1 APPPATH\Views\content\viewMasterAdmin.php(113): CodeIgniter\Debug\Exceptions->errorHandler(2, 'Undefined variable $totalAdmin', 'APPPATH\\Views\\content\\viewMasterAdmin.php', 113)
 2 SYSTEMPATH\View\View.php(213): include('APPPATH\\Views\\content\\viewMasterAdmin.php')
 3 SYSTEMPATH\View\View.php(216): CodeIgniter\View\View->CodeIgniter\View\{closure}()
 4 SYSTEMPATH\Common.php(1142): CodeIgniter\View\View->render('content/viewMasterAdmin', [], true)
 5 APPPATH\Controllers\ControllerPerpustakaan.php(25): view('content/viewMasterAdmin', [...])
 6 SYSTEMPATH\CodeIgniter.php(907): App\Controllers\ControllerPerpustakaan->test()
 7 SYSTEMPATH\CodeIgniter.php(457): CodeIgniter\CodeIgniter->runController(Object(App\Controllers\ControllerPerpustakaan))
 8 SYSTEMPATH\CodeIgniter.php(340): CodeIgniter\CodeIgniter->handleRequest(null, Object(Config\Cache), false)
 9 FCPATH\index.php(67): CodeIgniter\CodeIgniter->run()
10 SYSTEMPATH\Commands\Server\rewrite.php(43): require_once('FCPATH\\index.php')
