CRITICAL - 2022-11-11 22:03:21 --> Trying to access array offset on value of type null
in APPPATH\Views\layout\templateAdmin.php on line 58.
 1 APPPATH\Views\layout\templateAdmin.php(58): CodeIgniter\Debug\Exceptions->errorHandler(2, 'Trying to access array offset on value of type null', 'APPPATH\\Views\\layout\\templateAdmin.php', 58)
 2 SYSTEMPATH\View\View.php(213): include('APPPATH\\Views\\layout\\templateAdmin.php')
 3 SYSTEMPATH\View\View.php(216): CodeIgniter\View\View->CodeIgniter\View\{closure}()
 4 SYSTEMPATH\View\View.php(229): CodeIgniter\View\View->render('layout/templateAdmin', [], true)
 5 SYSTEMPATH\Common.php(1142): CodeIgniter\View\View->render('content/viewUser', [], true)
 6 APPPATH\Controllers\ControllerPerpustakaan.php(107): view('content/viewUser', [...])
 7 APPPATH\Controllers\ControllerAkun.php(163): App\Controllers\ControllerPerpustakaan->user()
 8 SYSTEMPATH\CodeIgniter.php(907): App\Controllers\ControllerAkun->validateUserAccount('rdnFalse')
 9 SYSTEMPATH\CodeIgniter.php(457): CodeIgniter\CodeIgniter->runController(Object(App\Controllers\ControllerAkun))
10 SYSTEMPATH\CodeIgniter.php(340): CodeIgniter\CodeIgniter->handleRequest(null, Object(Config\Cache), false)
11 FCPATH\index.php(67): CodeIgniter\CodeIgniter->run()
12 SYSTEMPATH\Commands\Server\rewrite.php(43): require_once('FCPATH\\index.php')
CRITICAL - 2022-11-11 22:05:10 --> Invalid file: content/viewAdmin.php
in SYSTEMPATH\Exceptions\FrameworkException.php on line 33.
 1 SYSTEMPATH\View\View.php(201): CodeIgniter\Exceptions\FrameworkException::forInvalidFile('content/viewAdmin.php')
 2 SYSTEMPATH\Common.php(1142): CodeIgniter\View\View->render('content/viewAdmin', [], true)
 3 APPPATH\Controllers\ControllerAkun.php(120): view('content/viewAdmin', [...])
 4 SYSTEMPATH\CodeIgniter.php(907): App\Controllers\ControllerAkun->admin()
 5 SYSTEMPATH\CodeIgniter.php(457): CodeIgniter\CodeIgniter->runController(Object(App\Controllers\ControllerAkun))
 6 SYSTEMPATH\CodeIgniter.php(340): CodeIgniter\CodeIgniter->handleRequest(null, Object(Config\Cache), false)
 7 FCPATH\index.php(67): CodeIgniter\CodeIgniter->run()
 8 SYSTEMPATH\Commands\Server\rewrite.php(43): require_once('FCPATH\\index.php')
CRITICAL - 2022-11-11 22:06:17 --> Undefined variable $totalAdmin
in APPPATH\Views\content\viewMasterAdmin.php on line 20.
 1 APPPATH\Views\content\viewMasterAdmin.php(20): CodeIgniter\Debug\Exceptions->errorHandler(2, 'Undefined variable $totalAdmin', 'APPPATH\\Views\\content\\viewMasterAdmin.php', 20)
 2 SYSTEMPATH\View\View.php(213): include('APPPATH\\Views\\content\\viewMasterAdmin.php')
 3 SYSTEMPATH\View\View.php(216): CodeIgniter\View\View->CodeIgniter\View\{closure}()
 4 SYSTEMPATH\Common.php(1142): CodeIgniter\View\View->render('content/viewMasterAdmin', [], true)
 5 APPPATH\Controllers\ControllerAkun.php(120): view('content/viewMasterAdmin', [...])
 6 SYSTEMPATH\CodeIgniter.php(907): App\Controllers\ControllerAkun->admin()
 7 SYSTEMPATH\CodeIgniter.php(457): CodeIgniter\CodeIgniter->runController(Object(App\Controllers\ControllerAkun))
 8 SYSTEMPATH\CodeIgniter.php(340): CodeIgniter\CodeIgniter->handleRequest(null, Object(Config\Cache), false)
 9 FCPATH\index.php(67): CodeIgniter\CodeIgniter->run()
10 SYSTEMPATH\Commands\Server\rewrite.php(43): require_once('FCPATH\\index.php')
CRITICAL - 2022-11-11 22:19:51 --> Undefined array key "type"
in APPPATH\Views\content\viewPerpustakaan.php on line 57.
 1 APPPATH\Views\content\viewPerpustakaan.php(57): CodeIgniter\Debug\Exceptions->errorHandler(2, 'Undefined array key "type"', 'APPPATH\\Views\\content\\viewPerpustakaan.php', 57)
 2 SYSTEMPATH\View\View.php(213): include('APPPATH\\Views\\content\\viewPerpustakaan.php')
 3 SYSTEMPATH\View\View.php(216): CodeIgniter\View\View->CodeIgniter\View\{closure}()
 4 SYSTEMPATH\Common.php(1142): CodeIgniter\View\View->render('content/viewPerpustakaan', [], true)
 5 APPPATH\Controllers\ControllerPerpustakaan.php(75): view('content/viewPerpustakaan', [...])
 6 SYSTEMPATH\CodeIgniter.php(907): App\Controllers\ControllerPerpustakaan->perpustakaan()
 7 SYSTEMPATH\CodeIgniter.php(457): CodeIgniter\CodeIgniter->runController(Object(App\Controllers\ControllerPerpustakaan))
 8 SYSTEMPATH\CodeIgniter.php(340): CodeIgniter\CodeIgniter->handleRequest(null, Object(Config\Cache), false)
 9 FCPATH\index.php(67): CodeIgniter\CodeIgniter->run()
10 SYSTEMPATH\Commands\Server\rewrite.php(43): require_once('FCPATH\\index.php')
CRITICAL - 2022-11-11 22:51:11 --> Undefined variable $data
in APPPATH\Views\content\viewBooksInput.php on line 13.
 1 APPPATH\Views\content\viewBooksInput.php(13): CodeIgniter\Debug\Exceptions->errorHandler(2, 'Undefined variable $data', 'APPPATH\\Views\\content\\viewBooksInput.php', 13)
 2 SYSTEMPATH\View\View.php(213): include('APPPATH\\Views\\content\\viewBooksInput.php')
 3 SYSTEMPATH\View\View.php(216): CodeIgniter\View\View->CodeIgniter\View\{closure}()
 4 SYSTEMPATH\Common.php(1142): CodeIgniter\View\View->render('content/viewBooksInput', [], true)
 5 APPPATH\Controllers\ControllerPerpustakaan.php(126): view('content/viewBooksInput', [...])
 6 SYSTEMPATH\CodeIgniter.php(907): App\Controllers\ControllerPerpustakaan->updateBuku('1')
 7 SYSTEMPATH\CodeIgniter.php(457): CodeIgniter\CodeIgniter->runController(Object(App\Controllers\ControllerPerpustakaan))
 8 SYSTEMPATH\CodeIgniter.php(340): CodeIgniter\CodeIgniter->handleRequest(null, Object(Config\Cache), false)
 9 FCPATH\index.php(67): CodeIgniter\CodeIgniter->run()
10 SYSTEMPATH\Commands\Server\rewrite.php(43): require_once('FCPATH\\index.php')
CRITICAL - 2022-11-11 22:57:51 --> Undefined variable $data
in APPPATH\Views\content\viewBooksInput.php on line 13.
 1 APPPATH\Views\content\viewBooksInput.php(13): CodeIgniter\Debug\Exceptions->errorHandler(2, 'Undefined variable $data', 'APPPATH\\Views\\content\\viewBooksInput.php', 13)
 2 SYSTEMPATH\View\View.php(213): include('APPPATH\\Views\\content\\viewBooksInput.php')
 3 SYSTEMPATH\View\View.php(216): CodeIgniter\View\View->CodeIgniter\View\{closure}()
 4 SYSTEMPATH\Common.php(1142): CodeIgniter\View\View->render('content/viewBooksInput', [], true)
 5 APPPATH\Controllers\ControllerPerpustakaan.php(126): view('content/viewBooksInput', [...])
 6 SYSTEMPATH\CodeIgniter.php(907): App\Controllers\ControllerPerpustakaan->updateBuku('1')
 7 SYSTEMPATH\CodeIgniter.php(457): CodeIgniter\CodeIgniter->runController(Object(App\Controllers\ControllerPerpustakaan))
 8 SYSTEMPATH\CodeIgniter.php(340): CodeIgniter\CodeIgniter->handleRequest(null, Object(Config\Cache), false)
 9 FCPATH\index.php(67): CodeIgniter\CodeIgniter->run()
10 SYSTEMPATH\Commands\Server\rewrite.php(43): require_once('FCPATH\\index.php')
CRITICAL - 2022-11-11 23:07:53 --> Undefined variable $data
in APPPATH\Views\layout\templateAdmin.php on line 11.
 1 APPPATH\Views\layout\templateAdmin.php(11): CodeIgniter\Debug\Exceptions->errorHandler(2, 'Undefined variable $data', 'APPPATH\\Views\\layout\\templateAdmin.php', 11)
 2 SYSTEMPATH\View\View.php(213): include('APPPATH\\Views\\layout\\templateAdmin.php')
 3 SYSTEMPATH\View\View.php(216): CodeIgniter\View\View->CodeIgniter\View\{closure}()
 4 SYSTEMPATH\View\View.php(229): CodeIgniter\View\View->render('layout/templateAdmin', [], true)
 5 SYSTEMPATH\Common.php(1142): CodeIgniter\View\View->render('content/viewBooksInput', [], true)
 6 APPPATH\Controllers\ControllerPerpustakaan.php(126): view('content/viewBooksInput', [...])
 7 SYSTEMPATH\CodeIgniter.php(907): App\Controllers\ControllerPerpustakaan->updateBuku('1')
 8 SYSTEMPATH\CodeIgniter.php(457): CodeIgniter\CodeIgniter->runController(Object(App\Controllers\ControllerPerpustakaan))
 9 SYSTEMPATH\CodeIgniter.php(340): CodeIgniter\CodeIgniter->handleRequest(null, Object(Config\Cache), false)
10 FCPATH\index.php(67): CodeIgniter\CodeIgniter->run()
11 SYSTEMPATH\Commands\Server\rewrite.php(43): require_once('FCPATH\\index.php')
CRITICAL - 2022-11-11 23:08:40 --> Undefined variable $data
in APPPATH\Views\layout\templateAdmin.php on line 11.
 1 APPPATH\Views\layout\templateAdmin.php(11): CodeIgniter\Debug\Exceptions->errorHandler(2, 'Undefined variable $data', 'APPPATH\\Views\\layout\\templateAdmin.php', 11)
 2 SYSTEMPATH\View\View.php(213): include('APPPATH\\Views\\layout\\templateAdmin.php')
 3 SYSTEMPATH\View\View.php(216): CodeIgniter\View\View->CodeIgniter\View\{closure}()
 4 SYSTEMPATH\View\View.php(229): CodeIgniter\View\View->render('layout/templateAdmin', [], true)
 5 SYSTEMPATH\Common.php(1142): CodeIgniter\View\View->render('content/viewMasterAdmin', [], true)
 6 APPPATH\Controllers\ControllerAkun.php(111): view('content/viewMasterAdmin', [...])
 7 APPPATH\Controllers\ControllerAkun.php(120): App\Controllers\ControllerAkun->masterAdmin()
 8 SYSTEMPATH\CodeIgniter.php(907): App\Controllers\ControllerAkun->admin()
 9 SYSTEMPATH\CodeIgniter.php(457): CodeIgniter\CodeIgniter->runController(Object(App\Controllers\ControllerAkun))
10 SYSTEMPATH\CodeIgniter.php(340): CodeIgniter\CodeIgniter->handleRequest(null, Object(Config\Cache), false)
11 FCPATH\index.php(67): CodeIgniter\CodeIgniter->run()
12 SYSTEMPATH\Commands\Server\rewrite.php(43): require_once('FCPATH\\index.php')
