CRITICAL - 2022-11-07 18:44:07 --> Invalid file: content/viewAdmin.php
in SYSTEMPATH\Exceptions\FrameworkException.php on line 33.
 1 SYSTEMPATH\View\View.php(201): CodeIgniter\Exceptions\FrameworkException::forInvalidFile('content/viewAdmin.php')
 2 SYSTEMPATH\Common.php(1142): CodeIgniter\View\View->render('content/viewAdmin', [], true)
 3 APPPATH\Controllers\ControllerAkun.php(120): view('content/viewAdmin', [...])
 4 SYSTEMPATH\CodeIgniter.php(902): App\Controllers\ControllerAkun->admin()
 5 SYSTEMPATH\CodeIgniter.php(457): CodeIgniter\CodeIgniter->runController(Object(App\Controllers\ControllerAkun))
 6 SYSTEMPATH\CodeIgniter.php(340): CodeIgniter\CodeIgniter->handleRequest(null, Object(Config\Cache), false)
 7 FCPATH\index.php(67): CodeIgniter\CodeIgniter->run()
 8 SYSTEMPATH\Commands\Server\rewrite.php(46): require_once('FCPATH\\index.php')
CRITICAL - 2022-11-07 18:56:15 --> Undefined variable $listBannerProduct
in APPPATH\Views\content\viewDashboard.php on line 26.
 1 APPPATH\Views\content\viewDashboard.php(26): CodeIgniter\Debug\Exceptions->errorHandler(2, 'Undefined variable $listBannerProduct', 'APPPATH\\Views\\content\\viewDashboard.php', 26)
 2 SYSTEMPATH\View\View.php(213): include('APPPATH\\Views\\content\\viewDashboard.php')
 3 SYSTEMPATH\View\View.php(216): CodeIgniter\View\View->CodeIgniter\View\{closure}()
 4 SYSTEMPATH\Common.php(1142): CodeIgniter\View\View->render('content/viewDashboard', [], true)
 5 APPPATH\Controllers\ControllerPerpustakaan.php(93): view('content/viewDashboard', [...])
 6 SYSTEMPATH\CodeIgniter.php(902): App\Controllers\ControllerPerpustakaan->dashboard()
 7 SYSTEMPATH\CodeIgniter.php(457): CodeIgniter\CodeIgniter->runController(Object(App\Controllers\ControllerPerpustakaan))
 8 SYSTEMPATH\CodeIgniter.php(340): CodeIgniter\CodeIgniter->handleRequest(null, Object(Config\Cache), false)
 9 FCPATH\index.php(67): CodeIgniter\CodeIgniter->run()
10 SYSTEMPATH\Commands\Server\rewrite.php(46): require_once('FCPATH\\index.php')
CRITICAL - 2022-11-07 18:59:19 --> Trying to access array offset on value of type null
in APPPATH\Controllers\ControllerPerpustakaan.php on line 125.
 1 APPPATH\Controllers\ControllerPerpustakaan.php(125): CodeIgniter\Debug\Exceptions->errorHandler(2, 'Trying to access array offset on value of type null', 'APPPATH\\Controllers\\ControllerPerpustakaan.php', 125)
 2 APPPATH\Controllers\ControllerPerpustakaan.php(115): App\Controllers\ControllerPerpustakaan->decreaseBook('style.css', null)
 3 SYSTEMPATH\CodeIgniter.php(902): App\Controllers\ControllerPerpustakaan->pinjam('style.css')
 4 SYSTEMPATH\CodeIgniter.php(457): CodeIgniter\CodeIgniter->runController(Object(App\Controllers\ControllerPerpustakaan))
 5 SYSTEMPATH\CodeIgniter.php(340): CodeIgniter\CodeIgniter->handleRequest(null, Object(Config\Cache), false)
 6 FCPATH\index.php(67): CodeIgniter\CodeIgniter->run()
 7 SYSTEMPATH\Commands\Server\rewrite.php(46): require_once('FCPATH\\index.php')
CRITICAL - 2022-11-07 18:59:25 --> Trying to access array offset on value of type null
in APPPATH\Controllers\ControllerPerpustakaan.php on line 125.
 1 APPPATH\Controllers\ControllerPerpustakaan.php(125): CodeIgniter\Debug\Exceptions->errorHandler(2, 'Trying to access array offset on value of type null', 'APPPATH\\Controllers\\ControllerPerpustakaan.php', 125)
 2 APPPATH\Controllers\ControllerPerpustakaan.php(115): App\Controllers\ControllerPerpustakaan->decreaseBook('style.css', null)
 3 SYSTEMPATH\CodeIgniter.php(902): App\Controllers\ControllerPerpustakaan->pinjam('style.css')
 4 SYSTEMPATH\CodeIgniter.php(457): CodeIgniter\CodeIgniter->runController(Object(App\Controllers\ControllerPerpustakaan))
 5 SYSTEMPATH\CodeIgniter.php(340): CodeIgniter\CodeIgniter->handleRequest(null, Object(Config\Cache), false)
 6 FCPATH\index.php(67): CodeIgniter\CodeIgniter->run()
 7 SYSTEMPATH\Commands\Server\rewrite.php(46): require_once('FCPATH\\index.php')
CRITICAL - 2022-11-07 18:59:26 --> Trying to access array offset on value of type null
in APPPATH\Controllers\ControllerPerpustakaan.php on line 125.
 1 APPPATH\Controllers\ControllerPerpustakaan.php(125): CodeIgniter\Debug\Exceptions->errorHandler(2, 'Trying to access array offset on value of type null', 'APPPATH\\Controllers\\ControllerPerpustakaan.php', 125)
 2 APPPATH\Controllers\ControllerPerpustakaan.php(115): App\Controllers\ControllerPerpustakaan->decreaseBook('style.css', null)
 3 SYSTEMPATH\CodeIgniter.php(902): App\Controllers\ControllerPerpustakaan->pinjam('style.css')
 4 SYSTEMPATH\CodeIgniter.php(457): CodeIgniter\CodeIgniter->runController(Object(App\Controllers\ControllerPerpustakaan))
 5 SYSTEMPATH\CodeIgniter.php(340): CodeIgniter\CodeIgniter->handleRequest(null, Object(Config\Cache), false)
 6 FCPATH\index.php(67): CodeIgniter\CodeIgniter->run()
 7 SYSTEMPATH\Commands\Server\rewrite.php(46): require_once('FCPATH\\index.php')
