CRITICAL - 2022-10-25 06:57:30 --> session_destroy(): Trying to destroy uninitialized session
in APPPATH\Controllers\ControllerAkun.php on line 89.
 1 [internal function]: CodeIgniter\Debug\Exceptions->errorHandler(2, 'session_destroy(): Trying to destroy uninitialized session', 'APPPATH\\Controllers\\ControllerAkun.php', 89)
 2 APPPATH\Controllers\ControllerAkun.php(89): session_destroy()
 3 SYSTEMPATH\CodeIgniter.php(907): App\Controllers\ControllerAkun->logOut()
 4 SYSTEMPATH\CodeIgniter.php(457): CodeIgniter\CodeIgniter->runController(Object(App\Controllers\ControllerAkun))
 5 SYSTEMPATH\CodeIgniter.php(340): CodeIgniter\CodeIgniter->handleRequest(null, Object(Config\Cache), false)
 6 FCPATH\index.php(67): CodeIgniter\CodeIgniter->run()
 7 SYSTEMPATH\Commands\Server\rewrite.php(43): require_once('FCPATH\\index.php')
CRITICAL - 2022-10-25 07:27:56 --> Undefined variable $listAkun
in APPPATH\Views\content\viewValidation.php on line 32.
 1 APPPATH\Views\content\viewValidation.php(32): CodeIgniter\Debug\Exceptions->errorHandler(2, 'Undefined variable $listAkun', 'APPPATH\\Views\\content\\viewValidation.php', 32)
 2 SYSTEMPATH\View\View.php(213): include('APPPATH\\Views\\content\\viewValidation.php')
 3 SYSTEMPATH\View\View.php(216): CodeIgniter\View\View->CodeIgniter\View\{closure}()
 4 SYSTEMPATH\Common.php(1142): CodeIgniter\View\View->render('content/viewValidation', [], true)
 5 APPPATH\Controllers\ControllerPerpustakaan.php(34): view('content/viewValidation', [...])
 6 SYSTEMPATH\CodeIgniter.php(902): App\Controllers\ControllerPerpustakaan->validation()
 7 SYSTEMPATH\CodeIgniter.php(457): CodeIgniter\CodeIgniter->runController(Object(App\Controllers\ControllerPerpustakaan))
 8 SYSTEMPATH\CodeIgniter.php(340): CodeIgniter\CodeIgniter->handleRequest(null, Object(Config\Cache), false)
 9 FCPATH\index.php(67): CodeIgniter\CodeIgniter->run()
10 SYSTEMPATH\Commands\Server\rewrite.php(46): require_once('FCPATH\\index.php')
CRITICAL - 2022-10-25 07:31:38 --> Undefined variable $listAkun
in APPPATH\Views\content\viewValidation.php on line 31.
 1 APPPATH\Views\content\viewValidation.php(31): CodeIgniter\Debug\Exceptions->errorHandler(2, 'Undefined variable $listAkun', 'APPPATH\\Views\\content\\viewValidation.php', 31)
 2 SYSTEMPATH\View\View.php(213): include('APPPATH\\Views\\content\\viewValidation.php')
 3 SYSTEMPATH\View\View.php(216): CodeIgniter\View\View->CodeIgniter\View\{closure}()
 4 SYSTEMPATH\Common.php(1142): CodeIgniter\View\View->render('content/viewValidation', [], true)
 5 APPPATH\Controllers\ControllerPerpustakaan.php(34): view('content/viewValidation', [...])
 6 SYSTEMPATH\CodeIgniter.php(902): App\Controllers\ControllerPerpustakaan->validation()
 7 SYSTEMPATH\CodeIgniter.php(457): CodeIgniter\CodeIgniter->runController(Object(App\Controllers\ControllerPerpustakaan))
 8 SYSTEMPATH\CodeIgniter.php(340): CodeIgniter\CodeIgniter->handleRequest(null, Object(Config\Cache), false)
 9 FCPATH\index.php(67): CodeIgniter\CodeIgniter->run()
10 SYSTEMPATH\Commands\Server\rewrite.php(46): require_once('FCPATH\\index.php')
CRITICAL - 2022-10-25 07:33:52 --> Undefined variable $listAkun
in APPPATH\Views\content\viewValidation.php on line 31.
 1 APPPATH\Views\content\viewValidation.php(31): CodeIgniter\Debug\Exceptions->errorHandler(2, 'Undefined variable $listAkun', 'APPPATH\\Views\\content\\viewValidation.php', 31)
 2 SYSTEMPATH\View\View.php(213): include('APPPATH\\Views\\content\\viewValidation.php')
 3 SYSTEMPATH\View\View.php(216): CodeIgniter\View\View->CodeIgniter\View\{closure}()
 4 SYSTEMPATH\Common.php(1142): CodeIgniter\View\View->render('content/viewValidation', [], true)
 5 APPPATH\Controllers\ControllerPerpustakaan.php(34): view('content/viewValidation', [...])
 6 SYSTEMPATH\CodeIgniter.php(902): App\Controllers\ControllerPerpustakaan->validation()
 7 SYSTEMPATH\CodeIgniter.php(457): CodeIgniter\CodeIgniter->runController(Object(App\Controllers\ControllerPerpustakaan))
 8 SYSTEMPATH\CodeIgniter.php(340): CodeIgniter\CodeIgniter->handleRequest(null, Object(Config\Cache), false)
 9 FCPATH\index.php(67): CodeIgniter\CodeIgniter->run()
10 SYSTEMPATH\Commands\Server\rewrite.php(46): require_once('FCPATH\\index.php')
CRITICAL - 2022-10-25 07:43:57 --> Undefined variable $i
in APPPATH\Views\content\viewValidation.php on line 30.
 1 APPPATH\Views\content\viewValidation.php(30): CodeIgniter\Debug\Exceptions->errorHandler(2, 'Undefined variable $i', 'APPPATH\\Views\\content\\viewValidation.php', 30)
 2 SYSTEMPATH\View\View.php(213): include('APPPATH\\Views\\content\\viewValidation.php')
 3 SYSTEMPATH\View\View.php(216): CodeIgniter\View\View->CodeIgniter\View\{closure}()
 4 SYSTEMPATH\Common.php(1142): CodeIgniter\View\View->render('content/viewValidation', [], true)
 5 APPPATH\Controllers\ControllerPerpustakaan.php(34): view('content/viewValidation', [...])
 6 SYSTEMPATH\CodeIgniter.php(902): App\Controllers\ControllerPerpustakaan->validation()
 7 SYSTEMPATH\CodeIgniter.php(457): CodeIgniter\CodeIgniter->runController(Object(App\Controllers\ControllerPerpustakaan))
 8 SYSTEMPATH\CodeIgniter.php(340): CodeIgniter\CodeIgniter->handleRequest(null, Object(Config\Cache), false)
 9 FCPATH\index.php(67): CodeIgniter\CodeIgniter->run()
10 SYSTEMPATH\Commands\Server\rewrite.php(46): require_once('FCPATH\\index.php')
