ERROR - 2022-10-22 06:05:58 --> mysqli_sql_exception: Column 'username' cannot be null in C:\xampp\htdocs\WebLanjut_SIMP\vendor\codeigniter4\framework\system\Database\MySQLi\Connection.php:292
Stack trace:
#0 C:\xampp\htdocs\WebLanjut_SIMP\vendor\codeigniter4\framework\system\Database\MySQLi\Connection.php(292): mysqli->query('INSERT INTO `ta...', 0)
#1 C:\xampp\htdocs\WebLanjut_SIMP\vendor\codeigniter4\framework\system\Database\BaseConnection.php(693): CodeIgniter\Database\MySQLi\Connection->execute('INSERT INTO `ta...')
#2 C:\xampp\htdocs\WebLanjut_SIMP\vendor\codeigniter4\framework\system\Database\BaseConnection.php(620): CodeIgniter\Database\BaseConnection->simpleQuery('INSERT INTO `ta...')
#3 C:\xampp\htdocs\WebLanjut_SIMP\vendor\codeigniter4\framework\system\Database\BaseBuilder.php(1916): CodeIgniter\Database\BaseConnection->query('INSERT INTO `ta...', Array, false)
#4 C:\xampp\htdocs\WebLanjut_SIMP\vendor\codeigniter4\framework\system\Model.php(279): CodeIgniter\Database\BaseBuilder->insert()
#5 C:\xampp\htdocs\WebLanjut_SIMP\vendor\codeigniter4\framework\system\BaseModel.php(738): CodeIgniter\Model->doInsert(Array)
#6 C:\xampp\htdocs\WebLanjut_SIMP\vendor\codeigniter4\framework\system\Model.php(667): CodeIgniter\BaseModel->insert(Array, false)
#7 C:\xampp\htdocs\WebLanjut_SIMP\vendor\codeigniter4\framework\system\BaseModel.php(658): CodeIgniter\Model->insert(Array, false)
#8 C:\xampp\htdocs\WebLanjut_SIMP\app\Controllers\ControllerAkun.php(81): CodeIgniter\BaseModel->save(Array)
#9 C:\xampp\htdocs\WebLanjut_SIMP\app\Controllers\ControllerAkun.php(58): App\Controllers\ControllerAkun->signUp(NULL, NULL, NULL, 'Admin', true)
#10 C:\xampp\htdocs\WebLanjut_SIMP\vendor\codeigniter4\framework\system\CodeIgniter.php(907): App\Controllers\ControllerAkun->signUpAdmin()
#11 C:\xampp\htdocs\WebLanjut_SIMP\vendor\codeigniter4\framework\system\CodeIgniter.php(457): CodeIgniter\CodeIgniter->runController(Object(App\Controllers\ControllerAkun))
#12 C:\xampp\htdocs\WebLanjut_SIMP\vendor\codeigniter4\framework\system\CodeIgniter.php(340): CodeIgniter\CodeIgniter->handleRequest(NULL, Object(Config\Cache), false)
#13 C:\xampp\htdocs\WebLanjut_SIMP\public\index.php(67): CodeIgniter\CodeIgniter->run()
#14 C:\xampp\htdocs\WebLanjut_SIMP\vendor\codeigniter4\framework\system\Commands\Server\rewrite.php(43): require_once('C:\\xampp\\htdocs...')
#15 {main}
CRITICAL - 2022-10-22 06:05:58 --> Column 'username' cannot be null
in SYSTEMPATH\Database\MySQLi\Connection.php on line 292.
 1 SYSTEMPATH\Database\MySQLi\Connection.php(292): mysqli->query('INSERT INTO `tabel_akun` (`username`, `email`, `password`, `tipe`, `validasi`, `ditambahkan`, `diperbarui`) VALUES (NULL, NULL, NULL, \'Admin\', 1, \'2022-10-22 06:05:58\', \'2022-10-22 06:05:58\')', 0)
 2 SYSTEMPATH\Database\BaseConnection.php(693): CodeIgniter\Database\MySQLi\Connection->execute('INSERT INTO `tabel_akun` (`username`, `email`, `password`, `tipe`, `validasi`, `ditambahkan`, `diperbarui`) VALUES (NULL, NULL, NULL, \'Admin\', 1, \'2022-10-22 06:05:58\', \'2022-10-22 06:05:58\')')
 3 SYSTEMPATH\Database\BaseConnection.php(620): CodeIgniter\Database\BaseConnection->simpleQuery('INSERT INTO `tabel_akun` (`username`, `email`, `password`, `tipe`, `validasi`, `ditambahkan`, `diperbarui`) VALUES (NULL, NULL, NULL, \'Admin\', 1, \'2022-10-22 06:05:58\', \'2022-10-22 06:05:58\')')
 4 SYSTEMPATH\Database\BaseBuilder.php(1916): CodeIgniter\Database\BaseConnection->query('INSERT INTO `tabel_akun` (`username`, `email`, `password`, `tipe`, `validasi`, `ditambahkan`, `diperbarui`) VALUES (:username:, :email:, :password:, :tipe:, :validasi:, :ditambahkan:, :diperbarui:)', [...], false)
 5 SYSTEMPATH\Model.php(279): CodeIgniter\Database\BaseBuilder->insert()
 6 SYSTEMPATH\BaseModel.php(738): CodeIgniter\Model->doInsert([...])
 7 SYSTEMPATH\Model.php(667): CodeIgniter\BaseModel->insert([...], false)
 8 SYSTEMPATH\BaseModel.php(658): CodeIgniter\Model->insert([...], false)
 9 APPPATH\Controllers\ControllerAkun.php(81): CodeIgniter\BaseModel->save([...])
10 APPPATH\Controllers\ControllerAkun.php(58): App\Controllers\ControllerAkun->signUp(null, null, null, 'Admin', true)
11 SYSTEMPATH\CodeIgniter.php(907): App\Controllers\ControllerAkun->signUpAdmin()
12 SYSTEMPATH\CodeIgniter.php(457): CodeIgniter\CodeIgniter->runController(Object(App\Controllers\ControllerAkun))
13 SYSTEMPATH\CodeIgniter.php(340): CodeIgniter\CodeIgniter->handleRequest(null, Object(Config\Cache), false)
14 FCPATH\index.php(67): CodeIgniter\CodeIgniter->run()
15 SYSTEMPATH\Commands\Server\rewrite.php(43): require_once('FCPATH\\index.php')
