ERROR - 2022-10-10 17:52:20 --> mysqli_sql_exception: Unknown column 'ditambahkan' in 'field list' in C:\xampp\htdocs\WebLanjut_SIMP\vendor\codeigniter4\framework\system\Database\MySQLi\Connection.php:292
Stack trace:
#0 C:\xampp\htdocs\WebLanjut_SIMP\vendor\codeigniter4\framework\system\Database\MySQLi\Connection.php(292): mysqli->query('INSERT INTO `ta...', 0)
#1 C:\xampp\htdocs\WebLanjut_SIMP\vendor\codeigniter4\framework\system\Database\BaseConnection.php(693): CodeIgniter\Database\MySQLi\Connection->execute('INSERT INTO `ta...')
#2 C:\xampp\htdocs\WebLanjut_SIMP\vendor\codeigniter4\framework\system\Database\BaseConnection.php(620): CodeIgniter\Database\BaseConnection->simpleQuery('INSERT INTO `ta...')
#3 C:\xampp\htdocs\WebLanjut_SIMP\vendor\codeigniter4\framework\system\Database\BaseBuilder.php(1916): CodeIgniter\Database\BaseConnection->query('INSERT INTO `ta...', Array, false)
#4 C:\xampp\htdocs\WebLanjut_SIMP\vendor\codeigniter4\framework\system\Model.php(279): CodeIgniter\Database\BaseBuilder->insert()
#5 C:\xampp\htdocs\WebLanjut_SIMP\vendor\codeigniter4\framework\system\BaseModel.php(748): CodeIgniter\Model->doInsert(Array)
#6 C:\xampp\htdocs\WebLanjut_SIMP\vendor\codeigniter4\framework\system\Model.php(667): CodeIgniter\BaseModel->insert(Array, false)
#7 C:\xampp\htdocs\WebLanjut_SIMP\vendor\codeigniter4\framework\system\BaseModel.php(658): CodeIgniter\Model->insert(Array, false)
#8 C:\xampp\htdocs\WebLanjut_SIMP\app\Controllers\ControllerAkun.php(78): CodeIgniter\BaseModel->save(Array)
#9 C:\xampp\htdocs\WebLanjut_SIMP\app\Controllers\ControllerAkun.php(64): App\Controllers\ControllerAkun->signUp('mfarhanfadhilla...', 'fadhillah28.mff...', 'asa', 'User', false)
#10 C:\xampp\htdocs\WebLanjut_SIMP\vendor\codeigniter4\framework\system\CodeIgniter.php(902): App\Controllers\ControllerAkun->signUpUser()
#11 C:\xampp\htdocs\WebLanjut_SIMP\vendor\codeigniter4\framework\system\CodeIgniter.php(457): CodeIgniter\CodeIgniter->runController(Object(App\Controllers\ControllerAkun))
#12 C:\xampp\htdocs\WebLanjut_SIMP\vendor\codeigniter4\framework\system\CodeIgniter.php(340): CodeIgniter\CodeIgniter->handleRequest(NULL, Object(Config\Cache), false)
#13 C:\xampp\htdocs\WebLanjut_SIMP\public\index.php(67): CodeIgniter\CodeIgniter->run()
#14 C:\xampp\htdocs\WebLanjut_SIMP\vendor\codeigniter4\framework\system\Commands\Server\rewrite.php(46): require_once('C:\\xampp\\htdocs...')
#15 {main}
CRITICAL - 2022-10-10 17:52:20 --> Unknown column 'ditambahkan' in 'field list'
in SYSTEMPATH\Database\MySQLi\Connection.php on line 292.
 1 SYSTEMPATH\Database\MySQLi\Connection.php(292): mysqli->query('INSERT INTO `tabel_akun` (`username`, `password`, `tipe`, `validasi`, `ditambahkan`, `diperbarui`) VALUES (\'mfarhanfadhillah2068\', \'asa\', \'User\', 0, \'2022-10-10 17:52:20\', \'2022-10-10 17:52:20\')', 0)
 2 SYSTEMPATH\Database\BaseConnection.php(693): CodeIgniter\Database\MySQLi\Connection->execute('INSERT INTO `tabel_akun` (`username`, `password`, `tipe`, `validasi`, `ditambahkan`, `diperbarui`) VALUES (\'mfarhanfadhillah2068\', \'asa\', \'User\', 0, \'2022-10-10 17:52:20\', \'2022-10-10 17:52:20\')')
 3 SYSTEMPATH\Database\BaseConnection.php(620): CodeIgniter\Database\BaseConnection->simpleQuery('INSERT INTO `tabel_akun` (`username`, `password`, `tipe`, `validasi`, `ditambahkan`, `diperbarui`) VALUES (\'mfarhanfadhillah2068\', \'asa\', \'User\', 0, \'2022-10-10 17:52:20\', \'2022-10-10 17:52:20\')')
 4 SYSTEMPATH\Database\BaseBuilder.php(1916): CodeIgniter\Database\BaseConnection->query('INSERT INTO `tabel_akun` (`username`, `password`, `tipe`, `validasi`, `ditambahkan`, `diperbarui`) VALUES (:username:, :password:, :tipe:, :validasi:, :ditambahkan:, :diperbarui:)', [...], false)
 5 SYSTEMPATH\Model.php(279): CodeIgniter\Database\BaseBuilder->insert()
 6 SYSTEMPATH\BaseModel.php(748): CodeIgniter\Model->doInsert([...])
 7 SYSTEMPATH\Model.php(667): CodeIgniter\BaseModel->insert([...], false)
 8 SYSTEMPATH\BaseModel.php(658): CodeIgniter\Model->insert([...], false)
 9 APPPATH\Controllers\ControllerAkun.php(78): CodeIgniter\BaseModel->save([...])
10 APPPATH\Controllers\ControllerAkun.php(64): App\Controllers\ControllerAkun->signUp('mfarhanfadhillah2068', 'fadhillah28.mff@gmail.com', 'asa', 'User', false)
11 SYSTEMPATH\CodeIgniter.php(902): App\Controllers\ControllerAkun->signUpUser()
12 SYSTEMPATH\CodeIgniter.php(457): CodeIgniter\CodeIgniter->runController(Object(App\Controllers\ControllerAkun))
13 SYSTEMPATH\CodeIgniter.php(340): CodeIgniter\CodeIgniter->handleRequest(null, Object(Config\Cache), false)
14 FCPATH\index.php(67): CodeIgniter\CodeIgniter->run()
15 SYSTEMPATH\Commands\Server\rewrite.php(46): require_once('FCPATH\\index.php')
ERROR - 2022-10-10 17:53:42 --> mysqli_sql_exception: Unknown column 'ditambahkan' in 'field list' in C:\xampp\htdocs\WebLanjut_SIMP\vendor\codeigniter4\framework\system\Database\MySQLi\Connection.php:292
Stack trace:
#0 C:\xampp\htdocs\WebLanjut_SIMP\vendor\codeigniter4\framework\system\Database\MySQLi\Connection.php(292): mysqli->query('INSERT INTO `ta...', 0)
#1 C:\xampp\htdocs\WebLanjut_SIMP\vendor\codeigniter4\framework\system\Database\BaseConnection.php(693): CodeIgniter\Database\MySQLi\Connection->execute('INSERT INTO `ta...')
#2 C:\xampp\htdocs\WebLanjut_SIMP\vendor\codeigniter4\framework\system\Database\BaseConnection.php(620): CodeIgniter\Database\BaseConnection->simpleQuery('INSERT INTO `ta...')
#3 C:\xampp\htdocs\WebLanjut_SIMP\vendor\codeigniter4\framework\system\Database\BaseBuilder.php(1916): CodeIgniter\Database\BaseConnection->query('INSERT INTO `ta...', Array, false)
#4 C:\xampp\htdocs\WebLanjut_SIMP\vendor\codeigniter4\framework\system\Model.php(279): CodeIgniter\Database\BaseBuilder->insert()
#5 C:\xampp\htdocs\WebLanjut_SIMP\vendor\codeigniter4\framework\system\BaseModel.php(748): CodeIgniter\Model->doInsert(Array)
#6 C:\xampp\htdocs\WebLanjut_SIMP\vendor\codeigniter4\framework\system\Model.php(667): CodeIgniter\BaseModel->insert(Array, false)
#7 C:\xampp\htdocs\WebLanjut_SIMP\vendor\codeigniter4\framework\system\BaseModel.php(658): CodeIgniter\Model->insert(Array, false)
#8 C:\xampp\htdocs\WebLanjut_SIMP\app\Controllers\ControllerAkun.php(78): CodeIgniter\BaseModel->save(Array)
#9 C:\xampp\htdocs\WebLanjut_SIMP\app\Controllers\ControllerAkun.php(64): App\Controllers\ControllerAkun->signUp('mfarhanfadhilla...', 'fadhillah28.mff...', 'asasa', 'User', false)
#10 C:\xampp\htdocs\WebLanjut_SIMP\vendor\codeigniter4\framework\system\CodeIgniter.php(902): App\Controllers\ControllerAkun->signUpUser()
#11 C:\xampp\htdocs\WebLanjut_SIMP\vendor\codeigniter4\framework\system\CodeIgniter.php(457): CodeIgniter\CodeIgniter->runController(Object(App\Controllers\ControllerAkun))
#12 C:\xampp\htdocs\WebLanjut_SIMP\vendor\codeigniter4\framework\system\CodeIgniter.php(340): CodeIgniter\CodeIgniter->handleRequest(NULL, Object(Config\Cache), false)
#13 C:\xampp\htdocs\WebLanjut_SIMP\public\index.php(67): CodeIgniter\CodeIgniter->run()
#14 C:\xampp\htdocs\WebLanjut_SIMP\vendor\codeigniter4\framework\system\Commands\Server\rewrite.php(46): require_once('C:\\xampp\\htdocs...')
#15 {main}
CRITICAL - 2022-10-10 17:53:42 --> Unknown column 'ditambahkan' in 'field list'
in SYSTEMPATH\Database\MySQLi\Connection.php on line 292.
 1 SYSTEMPATH\Database\MySQLi\Connection.php(292): mysqli->query('INSERT INTO `tabel_akun` (`username`, `password`, `tipe`, `validasi`, `ditambahkan`, `diperbarui`) VALUES (\'mfarhanfadhillah2068\', \'asasa\', \'User\', 0, \'2022-10-10 17:53:42\', \'2022-10-10 17:53:42\')', 0)
 2 SYSTEMPATH\Database\BaseConnection.php(693): CodeIgniter\Database\MySQLi\Connection->execute('INSERT INTO `tabel_akun` (`username`, `password`, `tipe`, `validasi`, `ditambahkan`, `diperbarui`) VALUES (\'mfarhanfadhillah2068\', \'asasa\', \'User\', 0, \'2022-10-10 17:53:42\', \'2022-10-10 17:53:42\')')
 3 SYSTEMPATH\Database\BaseConnection.php(620): CodeIgniter\Database\BaseConnection->simpleQuery('INSERT INTO `tabel_akun` (`username`, `password`, `tipe`, `validasi`, `ditambahkan`, `diperbarui`) VALUES (\'mfarhanfadhillah2068\', \'asasa\', \'User\', 0, \'2022-10-10 17:53:42\', \'2022-10-10 17:53:42\')')
 4 SYSTEMPATH\Database\BaseBuilder.php(1916): CodeIgniter\Database\BaseConnection->query('INSERT INTO `tabel_akun` (`username`, `password`, `tipe`, `validasi`, `ditambahkan`, `diperbarui`) VALUES (:username:, :password:, :tipe:, :validasi:, :ditambahkan:, :diperbarui:)', [...], false)
 5 SYSTEMPATH\Model.php(279): CodeIgniter\Database\BaseBuilder->insert()
 6 SYSTEMPATH\BaseModel.php(748): CodeIgniter\Model->doInsert([...])
 7 SYSTEMPATH\Model.php(667): CodeIgniter\BaseModel->insert([...], false)
 8 SYSTEMPATH\BaseModel.php(658): CodeIgniter\Model->insert([...], false)
 9 APPPATH\Controllers\ControllerAkun.php(78): CodeIgniter\BaseModel->save([...])
10 APPPATH\Controllers\ControllerAkun.php(64): App\Controllers\ControllerAkun->signUp('mfarhanfadhillah2068', 'fadhillah28.mff@gmail.com', 'asasa', 'User', false)
11 SYSTEMPATH\CodeIgniter.php(902): App\Controllers\ControllerAkun->signUpUser()
12 SYSTEMPATH\CodeIgniter.php(457): CodeIgniter\CodeIgniter->runController(Object(App\Controllers\ControllerAkun))
13 SYSTEMPATH\CodeIgniter.php(340): CodeIgniter\CodeIgniter->handleRequest(null, Object(Config\Cache), false)
14 FCPATH\index.php(67): CodeIgniter\CodeIgniter->run()
15 SYSTEMPATH\Commands\Server\rewrite.php(46): require_once('FCPATH\\index.php')
