CRITICAL - 2022-11-21 00:49:37 --> Trying to access array offset on value of type null
in APPPATH\Views\content\viewInformation.php on line 40.
 1 APPPATH\Views\content\viewInformation.php(40): CodeIgniter\Debug\Exceptions->errorHandler(2, 'Trying to access array offset on value of type null', 'APPPATH\\Views\\content\\viewInformation.php', 40)
 2 SYSTEMPATH\View\View.php(213): include('APPPATH\\Views\\content\\viewInformation.php')
 3 SYSTEMPATH\View\View.php(216): CodeIgniter\View\View->CodeIgniter\View\{closure}()
 4 SYSTEMPATH\Common.php(1142): CodeIgniter\View\View->render('content/viewInformation', [], true)
 5 APPPATH\Controllers\ControllerPerpustakaan.php(181): view('content/viewInformation', [...])
 6 SYSTEMPATH\CodeIgniter.php(902): App\Controllers\ControllerPerpustakaan->infoBuku('style.css')
 7 SYSTEMPATH\CodeIgniter.php(457): CodeIgniter\CodeIgniter->runController(Object(App\Controllers\ControllerPerpustakaan))
 8 SYSTEMPATH\CodeIgniter.php(340): CodeIgniter\CodeIgniter->handleRequest(null, Object(Config\Cache), false)
 9 FCPATH\index.php(67): CodeIgniter\CodeIgniter->run()
10 SYSTEMPATH\Commands\Server\rewrite.php(46): require_once('FCPATH\\index.php')
CRITICAL - 2022-11-21 00:49:37 --> Trying to access array offset on value of type null
in APPPATH\Views\content\viewInformation.php on line 40.
 1 APPPATH\Views\content\viewInformation.php(40): CodeIgniter\Debug\Exceptions->errorHandler(2, 'Trying to access array offset on value of type null', 'APPPATH\\Views\\content\\viewInformation.php', 40)
 2 SYSTEMPATH\View\View.php(213): include('APPPATH\\Views\\content\\viewInformation.php')
 3 SYSTEMPATH\View\View.php(216): CodeIgniter\View\View->CodeIgniter\View\{closure}()
 4 SYSTEMPATH\Common.php(1142): CodeIgniter\View\View->render('content/viewInformation', [], true)
 5 APPPATH\Controllers\ControllerPerpustakaan.php(181): view('content/viewInformation', [...])
 6 SYSTEMPATH\CodeIgniter.php(902): App\Controllers\ControllerPerpustakaan->infoBuku('FCPATH\\js', 'libs.min.js')
 7 SYSTEMPATH\CodeIgniter.php(457): CodeIgniter\CodeIgniter->runController(Object(App\Controllers\ControllerPerpustakaan))
 8 SYSTEMPATH\CodeIgniter.php(340): CodeIgniter\CodeIgniter->handleRequest(null, Object(Config\Cache), false)
 9 FCPATH\index.php(67): CodeIgniter\CodeIgniter->run()
10 SYSTEMPATH\Commands\Server\rewrite.php(46): require_once('FCPATH\\index.php')
CRITICAL - 2022-11-21 00:49:37 --> Trying to access array offset on value of type null
in APPPATH\Views\content\viewInformation.php on line 40.
 1 APPPATH\Views\content\viewInformation.php(40): CodeIgniter\Debug\Exceptions->errorHandler(2, 'Trying to access array offset on value of type null', 'APPPATH\\Views\\content\\viewInformation.php', 40)
 2 SYSTEMPATH\View\View.php(213): include('APPPATH\\Views\\content\\viewInformation.php')
 3 SYSTEMPATH\View\View.php(216): CodeIgniter\View\View->CodeIgniter\View\{closure}()
 4 SYSTEMPATH\Common.php(1142): CodeIgniter\View\View->render('content/viewInformation', [], true)
 5 APPPATH\Controllers\ControllerPerpustakaan.php(181): view('content/viewInformation', [...])
 6 SYSTEMPATH\CodeIgniter.php(902): App\Controllers\ControllerPerpustakaan->infoBuku('FCPATH\\js', 'main.js')
 7 SYSTEMPATH\CodeIgniter.php(457): CodeIgniter\CodeIgniter->runController(Object(App\Controllers\ControllerPerpustakaan))
 8 SYSTEMPATH\CodeIgniter.php(340): CodeIgniter\CodeIgniter->handleRequest(null, Object(Config\Cache), false)
 9 FCPATH\index.php(67): CodeIgniter\CodeIgniter->run()
10 SYSTEMPATH\Commands\Server\rewrite.php(46): require_once('FCPATH\\index.php')
CRITICAL - 2022-11-21 00:49:52 --> Trying to access array offset on value of type null
in APPPATH\Views\content\viewInformation.php on line 40.
 1 APPPATH\Views\content\viewInformation.php(40): CodeIgniter\Debug\Exceptions->errorHandler(2, 'Trying to access array offset on value of type null', 'APPPATH\\Views\\content\\viewInformation.php', 40)
 2 SYSTEMPATH\View\View.php(213): include('APPPATH\\Views\\content\\viewInformation.php')
 3 SYSTEMPATH\View\View.php(216): CodeIgniter\View\View->CodeIgniter\View\{closure}()
 4 SYSTEMPATH\Common.php(1142): CodeIgniter\View\View->render('content/viewInformation', [], true)
 5 APPPATH\Controllers\ControllerPerpustakaan.php(181): view('content/viewInformation', [...])
 6 SYSTEMPATH\CodeIgniter.php(902): App\Controllers\ControllerPerpustakaan->infoBuku('style.css')
 7 SYSTEMPATH\CodeIgniter.php(457): CodeIgniter\CodeIgniter->runController(Object(App\Controllers\ControllerPerpustakaan))
 8 SYSTEMPATH\CodeIgniter.php(340): CodeIgniter\CodeIgniter->handleRequest(null, Object(Config\Cache), false)
 9 FCPATH\index.php(67): CodeIgniter\CodeIgniter->run()
10 SYSTEMPATH\Commands\Server\rewrite.php(46): require_once('FCPATH\\index.php')
CRITICAL - 2022-11-21 00:49:53 --> Trying to access array offset on value of type null
in APPPATH\Views\content\viewInformation.php on line 40.
 1 APPPATH\Views\content\viewInformation.php(40): CodeIgniter\Debug\Exceptions->errorHandler(2, 'Trying to access array offset on value of type null', 'APPPATH\\Views\\content\\viewInformation.php', 40)
 2 SYSTEMPATH\View\View.php(213): include('APPPATH\\Views\\content\\viewInformation.php')
 3 SYSTEMPATH\View\View.php(216): CodeIgniter\View\View->CodeIgniter\View\{closure}()
 4 SYSTEMPATH\Common.php(1142): CodeIgniter\View\View->render('content/viewInformation', [], true)
 5 APPPATH\Controllers\ControllerPerpustakaan.php(181): view('content/viewInformation', [...])
 6 SYSTEMPATH\CodeIgniter.php(902): App\Controllers\ControllerPerpustakaan->infoBuku('FCPATH\\js', 'libs.min.js')
 7 SYSTEMPATH\CodeIgniter.php(457): CodeIgniter\CodeIgniter->runController(Object(App\Controllers\ControllerPerpustakaan))
 8 SYSTEMPATH\CodeIgniter.php(340): CodeIgniter\CodeIgniter->handleRequest(null, Object(Config\Cache), false)
 9 FCPATH\index.php(67): CodeIgniter\CodeIgniter->run()
10 SYSTEMPATH\Commands\Server\rewrite.php(46): require_once('FCPATH\\index.php')
CRITICAL - 2022-11-21 00:49:53 --> Trying to access array offset on value of type null
in APPPATH\Views\content\viewInformation.php on line 40.
 1 APPPATH\Views\content\viewInformation.php(40): CodeIgniter\Debug\Exceptions->errorHandler(2, 'Trying to access array offset on value of type null', 'APPPATH\\Views\\content\\viewInformation.php', 40)
 2 SYSTEMPATH\View\View.php(213): include('APPPATH\\Views\\content\\viewInformation.php')
 3 SYSTEMPATH\View\View.php(216): CodeIgniter\View\View->CodeIgniter\View\{closure}()
 4 SYSTEMPATH\Common.php(1142): CodeIgniter\View\View->render('content/viewInformation', [], true)
 5 APPPATH\Controllers\ControllerPerpustakaan.php(181): view('content/viewInformation', [...])
 6 SYSTEMPATH\CodeIgniter.php(902): App\Controllers\ControllerPerpustakaan->infoBuku('FCPATH\\js', 'main.js')
 7 SYSTEMPATH\CodeIgniter.php(457): CodeIgniter\CodeIgniter->runController(Object(App\Controllers\ControllerPerpustakaan))
 8 SYSTEMPATH\CodeIgniter.php(340): CodeIgniter\CodeIgniter->handleRequest(null, Object(Config\Cache), false)
 9 FCPATH\index.php(67): CodeIgniter\CodeIgniter->run()
10 SYSTEMPATH\Commands\Server\rewrite.php(46): require_once('FCPATH\\index.php')
CRITICAL - 2022-11-21 03:56:22 --> Undefined variable $tabungan
in APPPATH\Views\content\viewReturnBook.php on line 38.
 1 APPPATH\Views\content\viewReturnBook.php(38): CodeIgniter\Debug\Exceptions->errorHandler(2, 'Undefined variable $tabungan', 'APPPATH\\Views\\content\\viewReturnBook.php', 38)
 2 SYSTEMPATH\View\View.php(213): include('APPPATH\\Views\\content\\viewReturnBook.php')
 3 SYSTEMPATH\View\View.php(216): CodeIgniter\View\View->CodeIgniter\View\{closure}()
 4 SYSTEMPATH\Common.php(1142): CodeIgniter\View\View->render('content/viewReturnBook', [], true)
 5 APPPATH\Controllers\ControllerPerpustakaan.php(114): view('content/viewReturnBook', [...])
 6 SYSTEMPATH\CodeIgniter.php(902): App\Controllers\ControllerPerpustakaan->dummy()
 7 SYSTEMPATH\CodeIgniter.php(457): CodeIgniter\CodeIgniter->runController(Object(App\Controllers\ControllerPerpustakaan))
 8 SYSTEMPATH\CodeIgniter.php(340): CodeIgniter\CodeIgniter->handleRequest(null, Object(Config\Cache), false)
 9 FCPATH\index.php(67): CodeIgniter\CodeIgniter->run()
10 SYSTEMPATH\Commands\Server\rewrite.php(46): require_once('FCPATH\\index.php')
CRITICAL - 2022-11-21 03:59:27 --> syntax error, unexpected token "endforeach", expecting end of file
in APPPATH\Views\content\viewReturnBook.php on line 45.
 1 SYSTEMPATH\View\View.php(216): CodeIgniter\View\View->CodeIgniter\View\{closure}()
 2 SYSTEMPATH\Common.php(1142): CodeIgniter\View\View->render('content/viewReturnBook', [], true)
 3 APPPATH\Controllers\ControllerPerpustakaan.php(114): view('content/viewReturnBook', [...])
 4 SYSTEMPATH\CodeIgniter.php(902): App\Controllers\ControllerPerpustakaan->dummy()
 5 SYSTEMPATH\CodeIgniter.php(457): CodeIgniter\CodeIgniter->runController(Object(App\Controllers\ControllerPerpustakaan))
 6 SYSTEMPATH\CodeIgniter.php(340): CodeIgniter\CodeIgniter->handleRequest(null, Object(Config\Cache), false)
 7 FCPATH\index.php(67): CodeIgniter\CodeIgniter->run()
 8 SYSTEMPATH\Commands\Server\rewrite.php(46): require_once('FCPATH\\index.php')
CRITICAL - 2022-11-21 03:59:28 --> syntax error, unexpected token "endforeach", expecting end of file
in APPPATH\Views\content\viewReturnBook.php on line 45.
 1 SYSTEMPATH\View\View.php(216): CodeIgniter\View\View->CodeIgniter\View\{closure}()
 2 SYSTEMPATH\Common.php(1142): CodeIgniter\View\View->render('content/viewReturnBook', [], true)
 3 APPPATH\Controllers\ControllerPerpustakaan.php(114): view('content/viewReturnBook', [...])
 4 SYSTEMPATH\CodeIgniter.php(902): App\Controllers\ControllerPerpustakaan->dummy()
 5 SYSTEMPATH\CodeIgniter.php(457): CodeIgniter\CodeIgniter->runController(Object(App\Controllers\ControllerPerpustakaan))
 6 SYSTEMPATH\CodeIgniter.php(340): CodeIgniter\CodeIgniter->handleRequest(null, Object(Config\Cache), false)
 7 FCPATH\index.php(67): CodeIgniter\CodeIgniter->run()
 8 SYSTEMPATH\Commands\Server\rewrite.php(46): require_once('FCPATH\\index.php')
CRITICAL - 2022-11-21 04:00:17 --> Undefined variable $i
in APPPATH\Views\content\viewReturnBook.php on line 33.
 1 APPPATH\Views\content\viewReturnBook.php(33): CodeIgniter\Debug\Exceptions->errorHandler(2, 'Undefined variable $i', 'APPPATH\\Views\\content\\viewReturnBook.php', 33)
 2 SYSTEMPATH\View\View.php(213): include('APPPATH\\Views\\content\\viewReturnBook.php')
 3 SYSTEMPATH\View\View.php(216): CodeIgniter\View\View->CodeIgniter\View\{closure}()
 4 SYSTEMPATH\Common.php(1142): CodeIgniter\View\View->render('content/viewReturnBook', [], true)
 5 APPPATH\Controllers\ControllerPerpustakaan.php(114): view('content/viewReturnBook', [...])
 6 SYSTEMPATH\CodeIgniter.php(902): App\Controllers\ControllerPerpustakaan->dummy()
 7 SYSTEMPATH\CodeIgniter.php(457): CodeIgniter\CodeIgniter->runController(Object(App\Controllers\ControllerPerpustakaan))
 8 SYSTEMPATH\CodeIgniter.php(340): CodeIgniter\CodeIgniter->handleRequest(null, Object(Config\Cache), false)
 9 FCPATH\index.php(67): CodeIgniter\CodeIgniter->run()
10 SYSTEMPATH\Commands\Server\rewrite.php(46): require_once('FCPATH\\index.php')
CRITICAL - 2022-11-21 04:00:18 --> Undefined variable $i
in APPPATH\Views\content\viewReturnBook.php on line 33.
 1 APPPATH\Views\content\viewReturnBook.php(33): CodeIgniter\Debug\Exceptions->errorHandler(2, 'Undefined variable $i', 'APPPATH\\Views\\content\\viewReturnBook.php', 33)
 2 SYSTEMPATH\View\View.php(213): include('APPPATH\\Views\\content\\viewReturnBook.php')
 3 SYSTEMPATH\View\View.php(216): CodeIgniter\View\View->CodeIgniter\View\{closure}()
 4 SYSTEMPATH\Common.php(1142): CodeIgniter\View\View->render('content/viewReturnBook', [], true)
 5 APPPATH\Controllers\ControllerPerpustakaan.php(114): view('content/viewReturnBook', [...])
 6 SYSTEMPATH\CodeIgniter.php(902): App\Controllers\ControllerPerpustakaan->dummy()
 7 SYSTEMPATH\CodeIgniter.php(457): CodeIgniter\CodeIgniter->runController(Object(App\Controllers\ControllerPerpustakaan))
 8 SYSTEMPATH\CodeIgniter.php(340): CodeIgniter\CodeIgniter->handleRequest(null, Object(Config\Cache), false)
 9 FCPATH\index.php(67): CodeIgniter\CodeIgniter->run()
10 SYSTEMPATH\Commands\Server\rewrite.php(46): require_once('FCPATH\\index.php')
CRITICAL - 2022-11-21 04:00:35 --> Undefined variable $i
in APPPATH\Views\content\viewReturnBook.php on line 33.
 1 APPPATH\Views\content\viewReturnBook.php(33): CodeIgniter\Debug\Exceptions->errorHandler(2, 'Undefined variable $i', 'APPPATH\\Views\\content\\viewReturnBook.php', 33)
 2 SYSTEMPATH\View\View.php(213): include('APPPATH\\Views\\content\\viewReturnBook.php')
 3 SYSTEMPATH\View\View.php(216): CodeIgniter\View\View->CodeIgniter\View\{closure}()
 4 SYSTEMPATH\Common.php(1142): CodeIgniter\View\View->render('content/viewReturnBook', [], true)
 5 APPPATH\Controllers\ControllerPerpustakaan.php(114): view('content/viewReturnBook', [...])
 6 SYSTEMPATH\CodeIgniter.php(902): App\Controllers\ControllerPerpustakaan->dummy()
 7 SYSTEMPATH\CodeIgniter.php(457): CodeIgniter\CodeIgniter->runController(Object(App\Controllers\ControllerPerpustakaan))
 8 SYSTEMPATH\CodeIgniter.php(340): CodeIgniter\CodeIgniter->handleRequest(null, Object(Config\Cache), false)
 9 FCPATH\index.php(67): CodeIgniter\CodeIgniter->run()
10 SYSTEMPATH\Commands\Server\rewrite.php(46): require_once('FCPATH\\index.php')
CRITICAL - 2022-11-21 04:00:36 --> Undefined variable $i
in APPPATH\Views\content\viewReturnBook.php on line 33.
 1 APPPATH\Views\content\viewReturnBook.php(33): CodeIgniter\Debug\Exceptions->errorHandler(2, 'Undefined variable $i', 'APPPATH\\Views\\content\\viewReturnBook.php', 33)
 2 SYSTEMPATH\View\View.php(213): include('APPPATH\\Views\\content\\viewReturnBook.php')
 3 SYSTEMPATH\View\View.php(216): CodeIgniter\View\View->CodeIgniter\View\{closure}()
 4 SYSTEMPATH\Common.php(1142): CodeIgniter\View\View->render('content/viewReturnBook', [], true)
 5 APPPATH\Controllers\ControllerPerpustakaan.php(114): view('content/viewReturnBook', [...])
 6 SYSTEMPATH\CodeIgniter.php(902): App\Controllers\ControllerPerpustakaan->dummy()
 7 SYSTEMPATH\CodeIgniter.php(457): CodeIgniter\CodeIgniter->runController(Object(App\Controllers\ControllerPerpustakaan))
 8 SYSTEMPATH\CodeIgniter.php(340): CodeIgniter\CodeIgniter->handleRequest(null, Object(Config\Cache), false)
 9 FCPATH\index.php(67): CodeIgniter\CodeIgniter->run()
10 SYSTEMPATH\Commands\Server\rewrite.php(46): require_once('FCPATH\\index.php')
CRITICAL - 2022-11-21 04:01:40 --> Undefined variable $user
in APPPATH\Views\content\viewReturnBook.php on line 34.
 1 APPPATH\Views\content\viewReturnBook.php(34): CodeIgniter\Debug\Exceptions->errorHandler(2, 'Undefined variable $user', 'APPPATH\\Views\\content\\viewReturnBook.php', 34)
 2 SYSTEMPATH\View\View.php(213): include('APPPATH\\Views\\content\\viewReturnBook.php')
 3 SYSTEMPATH\View\View.php(216): CodeIgniter\View\View->CodeIgniter\View\{closure}()
 4 SYSTEMPATH\Common.php(1142): CodeIgniter\View\View->render('content/viewReturnBook', [], true)
 5 APPPATH\Controllers\ControllerPerpustakaan.php(114): view('content/viewReturnBook', [...])
 6 SYSTEMPATH\CodeIgniter.php(902): App\Controllers\ControllerPerpustakaan->dummy()
 7 SYSTEMPATH\CodeIgniter.php(457): CodeIgniter\CodeIgniter->runController(Object(App\Controllers\ControllerPerpustakaan))
 8 SYSTEMPATH\CodeIgniter.php(340): CodeIgniter\CodeIgniter->handleRequest(null, Object(Config\Cache), false)
 9 FCPATH\index.php(67): CodeIgniter\CodeIgniter->run()
10 SYSTEMPATH\Commands\Server\rewrite.php(46): require_once('FCPATH\\index.php')
CRITICAL - 2022-11-21 04:01:41 --> Undefined variable $user
in APPPATH\Views\content\viewReturnBook.php on line 34.
 1 APPPATH\Views\content\viewReturnBook.php(34): CodeIgniter\Debug\Exceptions->errorHandler(2, 'Undefined variable $user', 'APPPATH\\Views\\content\\viewReturnBook.php', 34)
 2 SYSTEMPATH\View\View.php(213): include('APPPATH\\Views\\content\\viewReturnBook.php')
 3 SYSTEMPATH\View\View.php(216): CodeIgniter\View\View->CodeIgniter\View\{closure}()
 4 SYSTEMPATH\Common.php(1142): CodeIgniter\View\View->render('content/viewReturnBook', [], true)
 5 APPPATH\Controllers\ControllerPerpustakaan.php(114): view('content/viewReturnBook', [...])
 6 SYSTEMPATH\CodeIgniter.php(902): App\Controllers\ControllerPerpustakaan->dummy()
 7 SYSTEMPATH\CodeIgniter.php(457): CodeIgniter\CodeIgniter->runController(Object(App\Controllers\ControllerPerpustakaan))
 8 SYSTEMPATH\CodeIgniter.php(340): CodeIgniter\CodeIgniter->handleRequest(null, Object(Config\Cache), false)
 9 FCPATH\index.php(67): CodeIgniter\CodeIgniter->run()
10 SYSTEMPATH\Commands\Server\rewrite.php(46): require_once('FCPATH\\index.php')
