CRITICAL - 2022-11-18 19:33:01 --> Undefined variable $listBuku
in APPPATH\Views\content\viewLibrary.php on line 29.
 1 APPPATH\Views\content\viewLibrary.php(29): CodeIgniter\Debug\Exceptions->errorHandler(2, 'Undefined variable $listBuku', 'APPPATH\\Views\\content\\viewLibrary.php', 29)
 2 SYSTEMPATH\View\View.php(213): include('APPPATH\\Views\\content\\viewLibrary.php')
 3 SYSTEMPATH\View\View.php(216): CodeIgniter\View\View->CodeIgniter\View\{closure}()
 4 SYSTEMPATH\Common.php(1142): CodeIgniter\View\View->render('content/viewLibrary', [], true)
 5 APPPATH\Controllers\ControllerPerpustakaan.php(25): view('content/viewLibrary', [...])
 6 SYSTEMPATH\CodeIgniter.php(907): App\Controllers\ControllerPerpustakaan->test()
 7 SYSTEMPATH\CodeIgniter.php(457): CodeIgniter\CodeIgniter->runController(Object(App\Controllers\ControllerPerpustakaan))
 8 SYSTEMPATH\CodeIgniter.php(340): CodeIgniter\CodeIgniter->handleRequest(null, Object(Config\Cache), false)
 9 FCPATH\index.php(67): CodeIgniter\CodeIgniter->run()
10 SYSTEMPATH\Commands\Server\rewrite.php(43): require_once('FCPATH\\index.php')
CRITICAL - 2022-11-18 21:35:07 --> Undefined variable $buku
in APPPATH\Views\content\viewInformation.php on line 40.
 1 APPPATH\Views\content\viewInformation.php(40): CodeIgniter\Debug\Exceptions->errorHandler(2, 'Undefined variable $buku', 'APPPATH\\Views\\content\\viewInformation.php', 40)
 2 SYSTEMPATH\View\View.php(213): include('APPPATH\\Views\\content\\viewInformation.php')
 3 SYSTEMPATH\View\View.php(216): CodeIgniter\View\View->CodeIgniter\View\{closure}()
 4 SYSTEMPATH\Common.php(1142): CodeIgniter\View\View->render('content/viewInformation', [], true)
 5 APPPATH\Controllers\ControllerPerpustakaan.php(25): view('content/viewInformation', [...])
 6 SYSTEMPATH\CodeIgniter.php(907): App\Controllers\ControllerPerpustakaan->test()
 7 SYSTEMPATH\CodeIgniter.php(457): CodeIgniter\CodeIgniter->runController(Object(App\Controllers\ControllerPerpustakaan))
 8 SYSTEMPATH\CodeIgniter.php(340): CodeIgniter\CodeIgniter->handleRequest(null, Object(Config\Cache), false)
 9 FCPATH\index.php(67): CodeIgniter\CodeIgniter->run()
10 SYSTEMPATH\Commands\Server\rewrite.php(43): require_once('FCPATH\\index.php')
CRITICAL - 2022-11-18 21:35:15 --> Undefined variable $buku
in APPPATH\Views\content\viewInformation.php on line 40.
 1 APPPATH\Views\content\viewInformation.php(40): CodeIgniter\Debug\Exceptions->errorHandler(2, 'Undefined variable $buku', 'APPPATH\\Views\\content\\viewInformation.php', 40)
 2 SYSTEMPATH\View\View.php(213): include('APPPATH\\Views\\content\\viewInformation.php')
 3 SYSTEMPATH\View\View.php(216): CodeIgniter\View\View->CodeIgniter\View\{closure}()
 4 SYSTEMPATH\Common.php(1142): CodeIgniter\View\View->render('content/viewInformation', [], true)
 5 APPPATH\Controllers\ControllerPerpustakaan.php(25): view('content/viewInformation', [...])
 6 SYSTEMPATH\CodeIgniter.php(907): App\Controllers\ControllerPerpustakaan->test()
 7 SYSTEMPATH\CodeIgniter.php(457): CodeIgniter\CodeIgniter->runController(Object(App\Controllers\ControllerPerpustakaan))
 8 SYSTEMPATH\CodeIgniter.php(340): CodeIgniter\CodeIgniter->handleRequest(null, Object(Config\Cache), false)
 9 FCPATH\index.php(67): CodeIgniter\CodeIgniter->run()
10 SYSTEMPATH\Commands\Server\rewrite.php(43): require_once('FCPATH\\index.php')
CRITICAL - 2022-11-18 21:40:12 --> Undefined variable $buku
in APPPATH\Views\content\viewInformation.php on line 40.
 1 APPPATH\Views\content\viewInformation.php(40): CodeIgniter\Debug\Exceptions->errorHandler(2, 'Undefined variable $buku', 'APPPATH\\Views\\content\\viewInformation.php', 40)
 2 SYSTEMPATH\View\View.php(213): include('APPPATH\\Views\\content\\viewInformation.php')
 3 SYSTEMPATH\View\View.php(216): CodeIgniter\View\View->CodeIgniter\View\{closure}()
 4 SYSTEMPATH\Common.php(1142): CodeIgniter\View\View->render('content/viewInformation', [], true)
 5 APPPATH\Controllers\ControllerPerpustakaan.php(25): view('content/viewInformation', [...])
 6 SYSTEMPATH\CodeIgniter.php(907): App\Controllers\ControllerPerpustakaan->test()
 7 SYSTEMPATH\CodeIgniter.php(457): CodeIgniter\CodeIgniter->runController(Object(App\Controllers\ControllerPerpustakaan))
 8 SYSTEMPATH\CodeIgniter.php(340): CodeIgniter\CodeIgniter->handleRequest(null, Object(Config\Cache), false)
 9 FCPATH\index.php(67): CodeIgniter\CodeIgniter->run()
10 SYSTEMPATH\Commands\Server\rewrite.php(43): require_once('FCPATH\\index.php')
CRITICAL - 2022-11-18 21:42:47 --> Trying to access array offset on value of type null
in APPPATH\Views\content\viewInformation.php on line 40.
 1 APPPATH\Views\content\viewInformation.php(40): CodeIgniter\Debug\Exceptions->errorHandler(2, 'Trying to access array offset on value of type null', 'APPPATH\\Views\\content\\viewInformation.php', 40)
 2 SYSTEMPATH\View\View.php(213): include('APPPATH\\Views\\content\\viewInformation.php')
 3 SYSTEMPATH\View\View.php(216): CodeIgniter\View\View->CodeIgniter\View\{closure}()
 4 SYSTEMPATH\Common.php(1142): CodeIgniter\View\View->render('content/viewInformation', [], true)
 5 APPPATH\Controllers\ControllerPerpustakaan.php(181): view('content/viewInformation', [...])
 6 SYSTEMPATH\CodeIgniter.php(907): App\Controllers\ControllerPerpustakaan->infoBuku('style.css')
 7 SYSTEMPATH\CodeIgniter.php(457): CodeIgniter\CodeIgniter->runController(Object(App\Controllers\ControllerPerpustakaan))
 8 SYSTEMPATH\CodeIgniter.php(340): CodeIgniter\CodeIgniter->handleRequest(null, Object(Config\Cache), false)
 9 FCPATH\index.php(67): CodeIgniter\CodeIgniter->run()
10 SYSTEMPATH\Commands\Server\rewrite.php(43): require_once('FCPATH\\index.php')
CRITICAL - 2022-11-18 21:42:47 --> Trying to access array offset on value of type null
in APPPATH\Views\content\viewInformation.php on line 40.
 1 APPPATH\Views\content\viewInformation.php(40): CodeIgniter\Debug\Exceptions->errorHandler(2, 'Trying to access array offset on value of type null', 'APPPATH\\Views\\content\\viewInformation.php', 40)
 2 SYSTEMPATH\View\View.php(213): include('APPPATH\\Views\\content\\viewInformation.php')
 3 SYSTEMPATH\View\View.php(216): CodeIgniter\View\View->CodeIgniter\View\{closure}()
 4 SYSTEMPATH\Common.php(1142): CodeIgniter\View\View->render('content/viewInformation', [], true)
 5 APPPATH\Controllers\ControllerPerpustakaan.php(181): view('content/viewInformation', [...])
 6 SYSTEMPATH\CodeIgniter.php(907): App\Controllers\ControllerPerpustakaan->infoBuku('FCPATH\\js', 'libs.min.js')
 7 SYSTEMPATH\CodeIgniter.php(457): CodeIgniter\CodeIgniter->runController(Object(App\Controllers\ControllerPerpustakaan))
 8 SYSTEMPATH\CodeIgniter.php(340): CodeIgniter\CodeIgniter->handleRequest(null, Object(Config\Cache), false)
 9 FCPATH\index.php(67): CodeIgniter\CodeIgniter->run()
10 SYSTEMPATH\Commands\Server\rewrite.php(43): require_once('FCPATH\\index.php')
CRITICAL - 2022-11-18 21:42:47 --> Trying to access array offset on value of type null
in APPPATH\Views\content\viewInformation.php on line 40.
 1 APPPATH\Views\content\viewInformation.php(40): CodeIgniter\Debug\Exceptions->errorHandler(2, 'Trying to access array offset on value of type null', 'APPPATH\\Views\\content\\viewInformation.php', 40)
 2 SYSTEMPATH\View\View.php(213): include('APPPATH\\Views\\content\\viewInformation.php')
 3 SYSTEMPATH\View\View.php(216): CodeIgniter\View\View->CodeIgniter\View\{closure}()
 4 SYSTEMPATH\Common.php(1142): CodeIgniter\View\View->render('content/viewInformation', [], true)
 5 APPPATH\Controllers\ControllerPerpustakaan.php(181): view('content/viewInformation', [...])
 6 SYSTEMPATH\CodeIgniter.php(907): App\Controllers\ControllerPerpustakaan->infoBuku('FCPATH\\js', 'main.js')
 7 SYSTEMPATH\CodeIgniter.php(457): CodeIgniter\CodeIgniter->runController(Object(App\Controllers\ControllerPerpustakaan))
 8 SYSTEMPATH\CodeIgniter.php(340): CodeIgniter\CodeIgniter->handleRequest(null, Object(Config\Cache), false)
 9 FCPATH\index.php(67): CodeIgniter\CodeIgniter->run()
10 SYSTEMPATH\Commands\Server\rewrite.php(43): require_once('FCPATH\\index.php')
