CRITICAL - 2022-11-23 07:18:09 --> Undefined variable $id
in APPPATH\Views\content\viewDummy.php on line 34.
 1 APPPATH\Views\content\viewDummy.php(34): CodeIgniter\Debug\Exceptions->errorHandler(2, 'Undefined variable $id', 'APPPATH\\Views\\content\\viewDummy.php', 34)
 2 SYSTEMPATH\View\View.php(213): include('APPPATH\\Views\\content\\viewDummy.php')
 3 SYSTEMPATH\View\View.php(216): CodeIgniter\View\View->CodeIgniter\View\{closure}()
 4 SYSTEMPATH\Common.php(1142): CodeIgniter\View\View->render('content/viewDummy', [], true)
 5 APPPATH\Controllers\ControllerPerpustakaan.php(28): view('content/viewDummy', [...])
 6 SYSTEMPATH\CodeIgniter.php(907): App\Controllers\ControllerPerpustakaan->test()
 7 SYSTEMPATH\CodeIgniter.php(457): CodeIgniter\CodeIgniter->runController(Object(App\Controllers\ControllerPerpustakaan))
 8 SYSTEMPATH\CodeIgniter.php(340): CodeIgniter\CodeIgniter->handleRequest(null, Object(Config\Cache), false)
 9 FCPATH\index.php(67): CodeIgniter\CodeIgniter->run()
10 SYSTEMPATH\Commands\Server\rewrite.php(43): require_once('FCPATH\\index.php')
CRITICAL - 2022-11-23 07:18:23 --> syntax error, unexpected token ";"
in APPPATH\Views\content\viewDummy.php on line 34.
 1 SYSTEMPATH\View\View.php(216): CodeIgniter\View\View->CodeIgniter\View\{closure}()
 2 SYSTEMPATH\Common.php(1142): CodeIgniter\View\View->render('content/viewDummy', [], true)
 3 APPPATH\Controllers\ControllerPerpustakaan.php(28): view('content/viewDummy', [...])
 4 SYSTEMPATH\CodeIgniter.php(907): App\Controllers\ControllerPerpustakaan->test()
 5 SYSTEMPATH\CodeIgniter.php(457): CodeIgniter\CodeIgniter->runController(Object(App\Controllers\ControllerPerpustakaan))
 6 SYSTEMPATH\CodeIgniter.php(340): CodeIgniter\CodeIgniter->handleRequest(null, Object(Config\Cache), false)
 7 FCPATH\index.php(67): CodeIgniter\CodeIgniter->run()
 8 SYSTEMPATH\Commands\Server\rewrite.php(43): require_once('FCPATH\\index.php')
CRITICAL - 2022-11-23 07:23:50 --> Undefined variable $id
in APPPATH\Views\content\viewDummy.php on line 34.
 1 APPPATH\Views\content\viewDummy.php(34): CodeIgniter\Debug\Exceptions->errorHandler(2, 'Undefined variable $id', 'APPPATH\\Views\\content\\viewDummy.php', 34)
 2 SYSTEMPATH\View\View.php(213): include('APPPATH\\Views\\content\\viewDummy.php')
 3 SYSTEMPATH\View\View.php(216): CodeIgniter\View\View->CodeIgniter\View\{closure}()
 4 SYSTEMPATH\Common.php(1142): CodeIgniter\View\View->render('content/viewDummy', [], true)
 5 APPPATH\Controllers\ControllerPerpustakaan.php(28): view('content/viewDummy', [...])
 6 SYSTEMPATH\CodeIgniter.php(907): App\Controllers\ControllerPerpustakaan->test()
 7 SYSTEMPATH\CodeIgniter.php(457): CodeIgniter\CodeIgniter->runController(Object(App\Controllers\ControllerPerpustakaan))
 8 SYSTEMPATH\CodeIgniter.php(340): CodeIgniter\CodeIgniter->handleRequest(null, Object(Config\Cache), false)
 9 FCPATH\index.php(67): CodeIgniter\CodeIgniter->run()
10 SYSTEMPATH\Commands\Server\rewrite.php(43): require_once('FCPATH\\index.php')
CRITICAL - 2022-11-23 07:27:25 --> Undefined variable $id
in APPPATH\Views\content\viewBooksInput.php on line 34.
 1 APPPATH\Views\content\viewBooksInput.php(34): CodeIgniter\Debug\Exceptions->errorHandler(2, 'Undefined variable $id', 'APPPATH\\Views\\content\\viewBooksInput.php', 34)
 2 SYSTEMPATH\View\View.php(213): include('APPPATH\\Views\\content\\viewBooksInput.php')
 3 SYSTEMPATH\View\View.php(216): CodeIgniter\View\View->CodeIgniter\View\{closure}()
 4 SYSTEMPATH\Common.php(1142): CodeIgniter\View\View->render('content/viewBooksInput', [], true)
 5 APPPATH\Controllers\ControllerPerpustakaan.php(202): view('content/viewBooksInput', [...])
 6 SYSTEMPATH\CodeIgniter.php(907): App\Controllers\ControllerPerpustakaan->updateBuku('-1')
 7 SYSTEMPATH\CodeIgniter.php(457): CodeIgniter\CodeIgniter->runController(Object(App\Controllers\ControllerPerpustakaan))
 8 SYSTEMPATH\CodeIgniter.php(340): CodeIgniter\CodeIgniter->handleRequest(null, Object(Config\Cache), false)
 9 FCPATH\index.php(67): CodeIgniter\CodeIgniter->run()
10 SYSTEMPATH\Commands\Server\rewrite.php(43): require_once('FCPATH\\index.php')
